
C:\Users\fv\Desktop\TAMA\GPIO\project\RIDE\obj\main.o:     file format elf32-littlearm
C:\Users\fv\Desktop\TAMA\GPIO\project\RIDE\obj\main.o


Disassembly of section .text.delay:

00000000 <delay>:
delay():
C:\Users\fv\Desktop\TAMA\GPIO\project/main.c:12
#include <stdio.h>
#include "stm32f10x_lib.h"
#include <stdint.h>
#include <math.h>

int delay(int32_t var){
   0:	b082      	sub	sp, #8
C:\Users\fv\Desktop\TAMA\GPIO\project/main.c:14
volatile int32_t i;
for(i=0;i<var;i++){
   2:	f04f 0300 	mov.w	r3, #0
   6:	9301      	str	r3, [sp, #4]
   8:	9b01      	ldr	r3, [sp, #4]
   a:	4298      	cmp	r0, r3
   c:	dd07      	ble.n	1e <delay+0x1e>
C:\Users\fv\Desktop\TAMA\GPIO\project/main.c:15
    asm("nop");
   e:	bf00      	nop
C:\Users\fv\Desktop\TAMA\GPIO\project/main.c:14
#include <stdint.h>
#include <math.h>

int delay(int32_t var){
volatile int32_t i;
for(i=0;i<var;i++){
  10:	9b01      	ldr	r3, [sp, #4]
  12:	f103 0301 	add.w	r3, r3, #1
  16:	9301      	str	r3, [sp, #4]
  18:	9b01      	ldr	r3, [sp, #4]
  1a:	4283      	cmp	r3, r0
  1c:	dbf7      	blt.n	e <delay+0xe>
C:\Users\fv\Desktop\TAMA\GPIO\project/main.c:17
    asm("nop");
    }
}
  1e:	b002      	add	sp, #8
  20:	4770      	bx	lr
  22:	bf00      	nop

Disassembly of section .text.can_init:

00000000 <can_init>:
can_init():
C:\Users\fv\Desktop\TAMA\GPIO\project/main.c:26
CAN_FilterInitTypeDef  CAN_FilterInitStructure;
CanTxMsg canMessage;
CanRxMsg RxMessage;


void can_init(void){
   0:	b570      	push	{r4, r5, r6, lr}
   2:	b088      	sub	sp, #32
C:\Users\fv\Desktop\TAMA\GPIO\project/main.c:35
   CAN_FilterInitTypeDef     CAN_FilterInitStructure;
   NVIC_InitTypeDef       NVIC_InitStructure;


   /* Enable GPIO clock */
RCC_APB1PeriphClockCmd(RCC_APB1Periph_CAN, ENABLE);
   4:	f04f 7000 	mov.w	r0, #33554432	; 0x2000000
   8:	f04f 0101 	mov.w	r1, #1
   c:	f7ff fffe 	bl	0 <RCC_APB1PeriphClockCmd>
C:\Users\fv\Desktop\TAMA\GPIO\project/main.c:36
   RCC_APB2PeriphClockCmd(RCC_APB2Periph_GPIOB , ENABLE);
  10:	f04f 0008 	mov.w	r0, #8
  14:	f04f 0101 	mov.w	r1, #1
  18:	f7ff fffe 	bl	0 <RCC_APB2PeriphClockCmd>
C:\Users\fv\Desktop\TAMA\GPIO\project/main.c:37
RCC_APB2PeriphClockCmd(RCC_APB2Periph_AFIO , ENABLE);
  1c:	f04f 0001 	mov.w	r0, #1
  20:	4601      	mov	r1, r0
  22:	f7ff fffe 	bl	0 <RCC_APB2PeriphClockCmd>
C:\Users\fv\Desktop\TAMA\GPIO\project/main.c:53
   //GPIO_Init(GPIOB, &GPIO_InitStructure);


/* Configure CAN pin: RX */

GPIO_InitStructure.GPIO_Pin = GPIO_Pin_8;
  26:	f44f 7380 	mov.w	r3, #256	; 0x100
  2a:	f8ad 301c 	strh.w	r3, [sp, #28]
C:\Users\fv\Desktop\TAMA\GPIO\project/main.c:55

GPIO_InitStructure.GPIO_Mode = GPIO_Mode_IPU;
  2e:	f04f 0348 	mov.w	r3, #72	; 0x48
  32:	f88d 301f 	strb.w	r3, [sp, #31]
C:\Users\fv\Desktop\TAMA\GPIO\project/main.c:57

GPIO_Init(GPIOB, &GPIO_InitStructure);
  36:	f44f 6440 	mov.w	r4, #3072	; 0xc00
  3a:	f2c4 0401 	movt	r4, #16385	; 0x4001
  3e:	4620      	mov	r0, r4
  40:	a907      	add	r1, sp, #28
  42:	f7ff fffe 	bl	0 <GPIO_Init>
C:\Users\fv\Desktop\TAMA\GPIO\project/main.c:62


/* Configure CAN pin: TX */

GPIO_InitStructure.GPIO_Pin = GPIO_Pin_9;
  46:	f44f 7300 	mov.w	r3, #512	; 0x200
  4a:	f8ad 301c 	strh.w	r3, [sp, #28]
C:\Users\fv\Desktop\TAMA\GPIO\project/main.c:64

GPIO_InitStructure.GPIO_Mode = GPIO_Mode_AF_PP;
  4e:	f04f 0318 	mov.w	r3, #24
  52:	f88d 301f 	strb.w	r3, [sp, #31]
C:\Users\fv\Desktop\TAMA\GPIO\project/main.c:66

GPIO_Init(GPIOB, &GPIO_InitStructure);
  56:	4620      	mov	r0, r4
  58:	a907      	add	r1, sp, #28
  5a:	f7ff fffe 	bl	0 <GPIO_Init>
C:\Users\fv\Desktop\TAMA\GPIO\project/main.c:71


// Remap2 is for PB8 and PB9

GPIO_PinRemapConfig(GPIO_Remap1_CAN , ENABLE);
  5e:	f44f 10ea 	mov.w	r0, #1916928	; 0x1d4000
  62:	f04f 0101 	mov.w	r1, #1
  66:	f7ff fffe 	bl	0 <GPIO_PinRemapConfig>
C:\Users\fv\Desktop\TAMA\GPIO\project/main.c:77

   


   /* CAN 1 cell init */
   CAN_InitStructure.CAN_Prescaler = 18; //64
  6a:	f04f 0312 	mov.w	r3, #18
  6e:	f8ad 301a 	strh.w	r3, [sp, #26]
C:\Users\fv\Desktop\TAMA\GPIO\project/main.c:78
   CAN_InitStructure.CAN_Mode = CAN_Mode_Normal;
  72:	f04f 0400 	mov.w	r4, #0
  76:	f88d 4016 	strb.w	r4, [sp, #22]
C:\Users\fv\Desktop\TAMA\GPIO\project/main.c:79
   CAN_InitStructure.CAN_SJW = CAN_SJW_1tq;	//2
  7a:	f88d 4017 	strb.w	r4, [sp, #23]
C:\Users\fv\Desktop\TAMA\GPIO\project/main.c:80
   CAN_InitStructure.CAN_BS1 = CAN_BS1_13tq; //11
  7e:	f04f 030c 	mov.w	r3, #12
  82:	f88d 3018 	strb.w	r3, [sp, #24]
C:\Users\fv\Desktop\TAMA\GPIO\project/main.c:81
   CAN_InitStructure.CAN_BS2 = CAN_BS2_2tq; //4
  86:	f04f 0501 	mov.w	r5, #1
  8a:	f88d 5019 	strb.w	r5, [sp, #25]
C:\Users\fv\Desktop\TAMA\GPIO\project/main.c:82
   CAN_InitStructure.CAN_TTCM = DISABLE;
  8e:	f88d 4010 	strb.w	r4, [sp, #16]
C:\Users\fv\Desktop\TAMA\GPIO\project/main.c:83
   CAN_InitStructure.CAN_ABOM = DISABLE;
  92:	f88d 4011 	strb.w	r4, [sp, #17]
C:\Users\fv\Desktop\TAMA\GPIO\project/main.c:84
   CAN_InitStructure.CAN_AWUM = DISABLE;
  96:	f88d 4012 	strb.w	r4, [sp, #18]
C:\Users\fv\Desktop\TAMA\GPIO\project/main.c:85
   CAN_InitStructure.CAN_NART = ENABLE;
  9a:	f88d 5013 	strb.w	r5, [sp, #19]
C:\Users\fv\Desktop\TAMA\GPIO\project/main.c:86
   CAN_InitStructure.CAN_RFLM = DISABLE;
  9e:	f88d 4014 	strb.w	r4, [sp, #20]
C:\Users\fv\Desktop\TAMA\GPIO\project/main.c:87
   CAN_InitStructure.CAN_TXFP = DISABLE;
  a2:	f88d 4015 	strb.w	r4, [sp, #21]
C:\Users\fv\Desktop\TAMA\GPIO\project/main.c:88
   CAN_Init(&CAN_InitStructure );
  a6:	a804      	add	r0, sp, #16
  a8:	f7ff fffe 	bl	0 <CAN_Init>
C:\Users\fv\Desktop\TAMA\GPIO\project/main.c:91

   /* CAN1 filter init, accept every message */
   CAN_FilterInitStructure.CAN_FilterNumber = 0;  // 0..13 for CAN1, 14..27 for CAN2
  ac:	f88d 4000 	strb.w	r4, [sp]
C:\Users\fv\Desktop\TAMA\GPIO\project/main.c:92
   CAN_FilterInitStructure.CAN_FilterMode = CAN_FilterMode_IdMask;
  b0:	f88d 4001 	strb.w	r4, [sp, #1]
C:\Users\fv\Desktop\TAMA\GPIO\project/main.c:93
   CAN_FilterInitStructure.CAN_FilterScale = CAN_FilterScale_32bit;
  b4:	f88d 5002 	strb.w	r5, [sp, #2]
C:\Users\fv\Desktop\TAMA\GPIO\project/main.c:94
   CAN_FilterInitStructure.CAN_FilterIdHigh = 0x0000;
  b8:	4626      	mov	r6, r4
  ba:	f8ad 4004 	strh.w	r4, [sp, #4]
C:\Users\fv\Desktop\TAMA\GPIO\project/main.c:95
   CAN_FilterInitStructure.CAN_FilterIdLow = 0x0000;
  be:	f8ad 4006 	strh.w	r4, [sp, #6]
C:\Users\fv\Desktop\TAMA\GPIO\project/main.c:96
   CAN_FilterInitStructure.CAN_FilterMaskIdHigh = 0x0000 ;
  c2:	f8ad 4008 	strh.w	r4, [sp, #8]
C:\Users\fv\Desktop\TAMA\GPIO\project/main.c:97
   CAN_FilterInitStructure.CAN_FilterMaskIdLow = 0x0000;
  c6:	f8ad 400a 	strh.w	r4, [sp, #10]
C:\Users\fv\Desktop\TAMA\GPIO\project/main.c:98
   CAN_FilterInitStructure.CAN_FilterFIFOAssignment = 0;
  ca:	f8ad 400c 	strh.w	r4, [sp, #12]
C:\Users\fv\Desktop\TAMA\GPIO\project/main.c:99
   CAN_FilterInitStructure.CAN_FilterActivation = ENABLE;
  ce:	f88d 500e 	strb.w	r5, [sp, #14]
C:\Users\fv\Desktop\TAMA\GPIO\project/main.c:100
   CAN_FilterInit(&CAN_FilterInitStructure);
  d2:	4668      	mov	r0, sp
  d4:	f7ff fffe 	bl	0 <CAN_FilterInit>
C:\Users\fv\Desktop\TAMA\GPIO\project/main.c:103

   /* Message Init */
   canMessage.StdId = 236;
  d8:	f240 0300 	movw	r3, #0
  dc:	f2c0 0300 	movt	r3, #0
  e0:	f04f 02ec 	mov.w	r2, #236	; 0xec
  e4:	601a      	str	r2, [r3, #0]
C:\Users\fv\Desktop\TAMA\GPIO\project/main.c:104
   canMessage.ExtId = 0;
  e6:	605c      	str	r4, [r3, #4]
C:\Users\fv\Desktop\TAMA\GPIO\project/main.c:105
   canMessage.RTR = CAN_RTR_DATA;
  e8:	725c      	strb	r4, [r3, #9]
C:\Users\fv\Desktop\TAMA\GPIO\project/main.c:106
   canMessage.IDE = CAN_ID_STD;
  ea:	721c      	strb	r4, [r3, #8]
C:\Users\fv\Desktop\TAMA\GPIO\project/main.c:107
   canMessage.DLC = 1;
  ec:	729d      	strb	r5, [r3, #10]
C:\Users\fv\Desktop\TAMA\GPIO\project/main.c:109

   canMessage.Data[0] = 165;
  ee:	f04f 02a5 	mov.w	r2, #165	; 0xa5
  f2:	72da      	strb	r2, [r3, #11]
C:\Users\fv\Desktop\TAMA\GPIO\project/main.c:111
	 //canMessage.Data = 5;
}
  f4:	b008      	add	sp, #32
  f6:	bd70      	pop	{r4, r5, r6, pc}

Disassembly of section .text.RCC_Config_HSE_PLL_Max:

00000000 <RCC_Config_HSE_PLL_Max>:
RCC_Config_HSE_PLL_Max():
C:\Users\fv\Desktop\TAMA\GPIO\project/main.c:113

void RCC_Config_HSE_PLL_Max(void){
   0:	b510      	push	{r4, lr}
C:\Users\fv\Desktop\TAMA\GPIO\project/main.c:114
RCC_DeInit();
   2:	f7ff fffe 	bl	0 <RCC_DeInit>
C:\Users\fv\Desktop\TAMA\GPIO\project/main.c:115
FLASH_SetLatency(FLASH_Latency_2);
   6:	f04f 0002 	mov.w	r0, #2
   a:	f7ff fffe 	bl	0 <FLASH_SetLatency>
C:\Users\fv\Desktop\TAMA\GPIO\project/main.c:119
/*configurar clock externo a 72Mhz */

//bypass pois está ligado no OSC_IN um circuito oscilatorio externo
RCC_HSEConfig(RCC_HSE_Bypass);
   e:	f44f 2080 	mov.w	r0, #262144	; 0x40000
  12:	f7ff fffe 	bl	0 <RCC_HSEConfig>
C:\Users\fv\Desktop\TAMA\GPIO\project/main.c:122
//Após a ativação do HSE deveremos esperar até que o sinal de relógio esteja pronto e estável
ErrorStatus HSEStartUpStatus;
HSEStartUpStatus=RCC_WaitForHSEStartUp();
  16:	f7ff fffe 	bl	0 <RCC_WaitForHSEStartUp>
C:\Users\fv\Desktop\TAMA\GPIO\project/main.c:124

if(HSEStartUpStatus==SUCCESS) /*retorna SUCCESS ou ERROR*/
  1a:	2801      	cmp	r0, #1
  1c:	d125      	bne.n	6a <RCC_Config_HSE_PLL_Max+0x6a>
C:\Users\fv\Desktop\TAMA\GPIO\project/main.c:128
{   

	    //divisão do prescaler AHB por 1
	    RCC_HCLKConfig(RCC_SYSCLK_Div1);
  1e:	f100 30ff 	add.w	r0, r0, #4294967295
  22:	f7ff fffe 	bl	0 <RCC_HCLKConfig>
C:\Users\fv\Desktop\TAMA\GPIO\project/main.c:130
	    //divisão do prescaler APB1 por 2
	    RCC_PCLK1Config(RCC_HCLK_Div2);
  26:	f44f 6080 	mov.w	r0, #1024	; 0x400
  2a:	f7ff fffe 	bl	0 <RCC_PCLK1Config>
C:\Users\fv\Desktop\TAMA\GPIO\project/main.c:132
	    //divisão do prescaler APB2 por 1
	    RCC_PCLK2Config(RCC_HCLK_Div1);
  2e:	f04f 0000 	mov.w	r0, #0
  32:	f7ff fffe 	bl	0 <RCC_PCLK2Config>
C:\Users\fv\Desktop\TAMA\GPIO\project/main.c:134
    //configuar a PLL para 72Mhz
    RCC_PLLConfig(RCC_PLLSource_HSE_Div1,RCC_PLLMul_6);
  36:	f44f 3080 	mov.w	r0, #65536	; 0x10000
  3a:	f44f 1180 	mov.w	r1, #1048576	; 0x100000
  3e:	f7ff fffe 	bl	0 <RCC_PLLConfig>
C:\Users\fv\Desktop\TAMA\GPIO\project/main.c:136
    //activar a pll
    RCC_PLLCmd(ENABLE);
  42:	f04f 0001 	mov.w	r0, #1
  46:	f7ff fffe 	bl	0 <RCC_PLLCmd>
C:\Users\fv\Desktop\TAMA\GPIO\project/main.c:138
    
    while(RCC_GetFlagStatus( RCC_FLAG_PLLRDY)==RESET);
  4a:	f04f 0439 	mov.w	r4, #57	; 0x39
  4e:	4620      	mov	r0, r4
  50:	f7ff fffe 	bl	0 <RCC_GetFlagStatus>
  54:	2800      	cmp	r0, #0
  56:	d0fa      	beq.n	4e <RCC_Config_HSE_PLL_Max+0x4e>
C:\Users\fv\Desktop\TAMA\GPIO\project/main.c:141
    //activa o sysclk pll
    
    RCC_SYSCLKConfig(RCC_SYSCLKSource_PLLCLK);
  58:	f04f 0002 	mov.w	r0, #2
  5c:	f7ff fffe 	bl	0 <RCC_SYSCLKConfig>
C:\Users\fv\Desktop\TAMA\GPIO\project/main.c:145

    
    //confirmar que o clock está correcto logo esperar que a fonte de relógio esteja correta
    while(RCC_GetSYSCLKSource()!=0x08);
  60:	f7ff fffe 	bl	0 <RCC_GetSYSCLKSource>
  64:	2808      	cmp	r0, #8
  66:	d1fb      	bne.n	60 <RCC_Config_HSE_PLL_Max+0x60>
  68:	bd10      	pop	{r4, pc}
  6a:	e7fe      	b.n	6a <RCC_Config_HSE_PLL_Max+0x6a>

Disassembly of section .text.main:

00000000 <main>:
main():
C:\Users\fv\Desktop\TAMA\GPIO\project/main.c:155


}

int main(void)
{
   0:	b530      	push	{r4, r5, lr}
   2:	b083      	sub	sp, #12
C:\Users\fv\Desktop\TAMA\GPIO\project/main.c:160

//SystemInit();
//RCC_Config_HSE_PLL_Max(); //Configura o clk a 72Mhz
    /* Enable GPIO B clock*/
    RCC_APB2PeriphClockCmd( RCC_APB2Periph_GPIOA, ENABLE );
   4:	f04f 0004 	mov.w	r0, #4
   8:	f04f 0101 	mov.w	r1, #1
   c:	f7ff fffe 	bl	0 <RCC_APB2PeriphClockCmd>
C:\Users\fv\Desktop\TAMA\GPIO\project/main.c:161
    RCC_APB2PeriphClockCmd( RCC_APB2Periph_GPIOB, ENABLE );
  10:	f04f 0008 	mov.w	r0, #8
  14:	f04f 0101 	mov.w	r1, #1
  18:	f7ff fffe 	bl	0 <RCC_APB2PeriphClockCmd>
C:\Users\fv\Desktop\TAMA\GPIO\project/main.c:162
    RCC_APB2PeriphClockCmd( RCC_APB2Periph_GPIOC, ENABLE );
  1c:	f04f 0010 	mov.w	r0, #16
  20:	f04f 0101 	mov.w	r1, #1
  24:	f7ff fffe 	bl	0 <RCC_APB2PeriphClockCmd>
C:\Users\fv\Desktop\TAMA\GPIO\project/main.c:163
LCD_Init();
  28:	f7ff fffe 	bl	0 <LCD_Init>
C:\Users\fv\Desktop\TAMA\GPIO\project/main.c:164
DRAW_Init();
  2c:	f7ff fffe 	bl	0 <DRAW_Init>
C:\Users\fv\Desktop\TAMA\GPIO\project/main.c:165
can_init();
  30:	f7ff fffe 	bl	0 <main>
C:\Users\fv\Desktop\TAMA\GPIO\project/main.c:173
    /*GPIO configuration*/
    GPIO_InitTypeDef GPIO_InitStructure;


    /*botao como entrada*/
    GPIO_InitStructure.GPIO_Pin =   GPIO_Pin_0; 
  34:	f04f 0301 	mov.w	r3, #1
  38:	f8ad 3004 	strh.w	r3, [sp, #4]
C:\Users\fv\Desktop\TAMA\GPIO\project/main.c:174
    GPIO_InitStructure.GPIO_Mode = GPIO_Mode_IN_FLOATING;
  3c:	f04f 0304 	mov.w	r3, #4
  40:	f88d 3007 	strb.w	r3, [sp, #7]
C:\Users\fv\Desktop\TAMA\GPIO\project/main.c:175
    GPIO_InitStructure.GPIO_Speed = GPIO_Speed_50MHz;
  44:	f103 33ff 	add.w	r3, r3, #4294967295
  48:	f88d 3006 	strb.w	r3, [sp, #6]
C:\Users\fv\Desktop\TAMA\GPIO\project/main.c:176
    GPIO_Init(GPIOA, &GPIO_InitStructure);
  4c:	f44f 6000 	mov.w	r0, #2048	; 0x800
  50:	f2c4 0001 	movt	r0, #16385	; 0x4001
  54:	a901      	add	r1, sp, #4
  56:	f7ff fffe 	bl	0 <GPIO_Init>
C:\Users\fv\Desktop\TAMA\GPIO\project/main.c:187
    
    while (1)
    {
    

        CAN_Transmit(&canMessage);
  5a:	f240 0400 	movw	r4, #0
  5e:	f2c0 0400 	movt	r4, #0
C:\Users\fv\Desktop\TAMA\GPIO\project/main.c:188
        delay(500000);
  62:	f24a 1520 	movw	r5, #41248	; 0xa120
  66:	f2c0 0507 	movt	r5, #7
C:\Users\fv\Desktop\TAMA\GPIO\project/main.c:187
    
    while (1)
    {
    

        CAN_Transmit(&canMessage);
  6a:	4620      	mov	r0, r4
  6c:	f7ff fffe 	bl	0 <CAN_Transmit>
C:\Users\fv\Desktop\TAMA\GPIO\project/main.c:188
        delay(500000);
  70:	4628      	mov	r0, r5
  72:	f7ff fffe 	bl	0 <main>
  76:	e7f8      	b.n	6a <main+0x6a>
