
C:\Users\fv\Desktop\TAMA\GPIO\project\RIDE\obj\stm32f10x_exti.o:     file format elf32-littlearm
C:\Users\fv\Desktop\TAMA\GPIO\project\RIDE\obj\stm32f10x_exti.o


Disassembly of section .text.EXTI_DeInit:

00000000 <EXTI_DeInit>:
EXTI_DeInit():
C:\Users\fv\Desktop\TAMA\GPIO\library\src/stm32f10x_exti.c:38
* Output         : None
* Return         : None
*******************************************************************************/
void EXTI_DeInit(void)
{
  EXTI->IMR = 0x00000000;
   0:	f44f 6380 	mov.w	r3, #1024	; 0x400
   4:	f2c4 0301 	movt	r3, #16385	; 0x4001
   8:	f04f 0200 	mov.w	r2, #0
   c:	601a      	str	r2, [r3, #0]
C:\Users\fv\Desktop\TAMA\GPIO\library\src/stm32f10x_exti.c:39
  EXTI->EMR = 0x00000000;
   e:	605a      	str	r2, [r3, #4]
C:\Users\fv\Desktop\TAMA\GPIO\library\src/stm32f10x_exti.c:40
  EXTI->RTSR = 0x00000000; 
  10:	609a      	str	r2, [r3, #8]
C:\Users\fv\Desktop\TAMA\GPIO\library\src/stm32f10x_exti.c:41
  EXTI->FTSR = 0x00000000; 
  12:	60da      	str	r2, [r3, #12]
C:\Users\fv\Desktop\TAMA\GPIO\library\src/stm32f10x_exti.c:42
  EXTI->PR = 0x0007FFFF;
  14:	f64f 72ff 	movw	r2, #65535	; 0xffff
  18:	f2c0 0207 	movt	r2, #7
  1c:	615a      	str	r2, [r3, #20]
C:\Users\fv\Desktop\TAMA\GPIO\library\src/stm32f10x_exti.c:43
}
  1e:	4770      	bx	lr

Disassembly of section .text.EXTI_Init:

00000000 <EXTI_Init>:
EXTI_Init():
C:\Users\fv\Desktop\TAMA\GPIO\library\src/stm32f10x_exti.c:56
*                    peripheral.
* Output         : None
* Return         : None
*******************************************************************************/
void EXTI_Init(EXTI_InitTypeDef* EXTI_InitStruct)
{
   0:	b410      	push	{r4}
C:\Users\fv\Desktop\TAMA\GPIO\library\src/stm32f10x_exti.c:63
  assert_param(IS_EXTI_MODE(EXTI_InitStruct->EXTI_Mode));
  assert_param(IS_EXTI_TRIGGER(EXTI_InitStruct->EXTI_Trigger));
  assert_param(IS_EXTI_LINE(EXTI_InitStruct->EXTI_Line));  
  assert_param(IS_FUNCTIONAL_STATE(EXTI_InitStruct->EXTI_LineCmd));
     
  if (EXTI_InitStruct->EXTI_LineCmd != DISABLE)
   2:	7983      	ldrb	r3, [r0, #6]
   4:	2b00      	cmp	r3, #0
   6:	d03d      	beq.n	84 <EXTI_Init+0x84>
C:\Users\fv\Desktop\TAMA\GPIO\library\src/stm32f10x_exti.c:66
  {
    /* Clear EXTI line configuration */
    EXTI->IMR &= ~EXTI_InitStruct->EXTI_Line;
   8:	f44f 6380 	mov.w	r3, #1024	; 0x400
   c:	f2c4 0301 	movt	r3, #16385	; 0x4001
  10:	681a      	ldr	r2, [r3, #0]
  12:	6801      	ldr	r1, [r0, #0]
  14:	ea22 0201 	bic.w	r2, r2, r1
  18:	601a      	str	r2, [r3, #0]
C:\Users\fv\Desktop\TAMA\GPIO\library\src/stm32f10x_exti.c:67
    EXTI->EMR &= ~EXTI_InitStruct->EXTI_Line;
  1a:	685a      	ldr	r2, [r3, #4]
  1c:	6801      	ldr	r1, [r0, #0]
  1e:	ea22 0201 	bic.w	r2, r2, r1
  22:	605a      	str	r2, [r3, #4]
C:\Users\fv\Desktop\TAMA\GPIO\library\src/stm32f10x_exti.c:69
    
    *(vu32 *)(EXTI_BASE + (u32)EXTI_InitStruct->EXTI_Mode)|= EXTI_InitStruct->EXTI_Line;
  24:	7902      	ldrb	r2, [r0, #4]
  26:	f102 4280 	add.w	r2, r2, #1073741824	; 0x40000000
  2a:	f502 3282 	add.w	r2, r2, #66560	; 0x10400
  2e:	6814      	ldr	r4, [r2, #0]
  30:	6801      	ldr	r1, [r0, #0]
  32:	ea44 0101 	orr.w	r1, r4, r1
  36:	6011      	str	r1, [r2, #0]
C:\Users\fv\Desktop\TAMA\GPIO\library\src/stm32f10x_exti.c:72

    /* Clear Rising Falling edge configuration */
    EXTI->RTSR &= ~EXTI_InitStruct->EXTI_Line;
  38:	689a      	ldr	r2, [r3, #8]
  3a:	6801      	ldr	r1, [r0, #0]
  3c:	ea22 0201 	bic.w	r2, r2, r1
  40:	609a      	str	r2, [r3, #8]
C:\Users\fv\Desktop\TAMA\GPIO\library\src/stm32f10x_exti.c:73
    EXTI->FTSR &= ~EXTI_InitStruct->EXTI_Line;
  42:	68da      	ldr	r2, [r3, #12]
  44:	6801      	ldr	r1, [r0, #0]
  46:	ea22 0201 	bic.w	r2, r2, r1
  4a:	60da      	str	r2, [r3, #12]
C:\Users\fv\Desktop\TAMA\GPIO\library\src/stm32f10x_exti.c:76
    
    /* Select the trigger for the selected external interrupts */
    if (EXTI_InitStruct->EXTI_Trigger == EXTI_Trigger_Rising_Falling)
  4c:	7943      	ldrb	r3, [r0, #5]
  4e:	2b10      	cmp	r3, #16
  50:	d10e      	bne.n	70 <EXTI_Init+0x70>
C:\Users\fv\Desktop\TAMA\GPIO\library\src/stm32f10x_exti.c:79
    {
      /* Rising Falling edge */
      EXTI->RTSR |= EXTI_InitStruct->EXTI_Line;
  52:	f44f 6380 	mov.w	r3, #1024	; 0x400
  56:	f2c4 0301 	movt	r3, #16385	; 0x4001
  5a:	6899      	ldr	r1, [r3, #8]
  5c:	6802      	ldr	r2, [r0, #0]
  5e:	ea41 0202 	orr.w	r2, r1, r2
  62:	609a      	str	r2, [r3, #8]
C:\Users\fv\Desktop\TAMA\GPIO\library\src/stm32f10x_exti.c:80
      EXTI->FTSR |= EXTI_InitStruct->EXTI_Line;
  64:	68d9      	ldr	r1, [r3, #12]
  66:	6802      	ldr	r2, [r0, #0]
  68:	ea41 0202 	orr.w	r2, r1, r2
  6c:	60da      	str	r2, [r3, #12]
  6e:	e013      	b.n	98 <EXTI_Init+0x98>
C:\Users\fv\Desktop\TAMA\GPIO\library\src/stm32f10x_exti.c:84
    }
    else
    {
      *(vu32 *)(EXTI_BASE + (u32)EXTI_InitStruct->EXTI_Trigger)|= EXTI_InitStruct->EXTI_Line;
  70:	f103 4380 	add.w	r3, r3, #1073741824	; 0x40000000
  74:	f503 3382 	add.w	r3, r3, #66560	; 0x10400
  78:	6819      	ldr	r1, [r3, #0]
  7a:	6802      	ldr	r2, [r0, #0]
  7c:	ea41 0202 	orr.w	r2, r1, r2
  80:	601a      	str	r2, [r3, #0]
  82:	e009      	b.n	98 <EXTI_Init+0x98>
C:\Users\fv\Desktop\TAMA\GPIO\library\src/stm32f10x_exti.c:90
    }
  }
  else
  {
    /* Disable the selected external lines */
    *(vu32 *)(EXTI_BASE + (u32)EXTI_InitStruct->EXTI_Mode)&= ~EXTI_InitStruct->EXTI_Line;
  84:	7903      	ldrb	r3, [r0, #4]
  86:	f103 4380 	add.w	r3, r3, #1073741824	; 0x40000000
  8a:	f503 3382 	add.w	r3, r3, #66560	; 0x10400
  8e:	681a      	ldr	r2, [r3, #0]
  90:	6801      	ldr	r1, [r0, #0]
  92:	ea22 0201 	bic.w	r2, r2, r1
  96:	601a      	str	r2, [r3, #0]
C:\Users\fv\Desktop\TAMA\GPIO\library\src/stm32f10x_exti.c:92
  }
}
  98:	bc10      	pop	{r4}
  9a:	4770      	bx	lr

Disassembly of section .text.EXTI_StructInit:

00000000 <EXTI_StructInit>:
EXTI_StructInit():
C:\Users\fv\Desktop\TAMA\GPIO\library\src/stm32f10x_exti.c:104
* Output         : None
* Return         : None
*******************************************************************************/
void EXTI_StructInit(EXTI_InitTypeDef* EXTI_InitStruct)
{
  EXTI_InitStruct->EXTI_Line = EXTI_LineNone;
   0:	f04f 0300 	mov.w	r3, #0
   4:	6003      	str	r3, [r0, #0]
C:\Users\fv\Desktop\TAMA\GPIO\library\src/stm32f10x_exti.c:105
  EXTI_InitStruct->EXTI_Mode = EXTI_Mode_Interrupt;
   6:	7103      	strb	r3, [r0, #4]
C:\Users\fv\Desktop\TAMA\GPIO\library\src/stm32f10x_exti.c:106
  EXTI_InitStruct->EXTI_Trigger = EXTI_Trigger_Falling;
   8:	f04f 020c 	mov.w	r2, #12
   c:	7142      	strb	r2, [r0, #5]
C:\Users\fv\Desktop\TAMA\GPIO\library\src/stm32f10x_exti.c:107
  EXTI_InitStruct->EXTI_LineCmd = DISABLE;
   e:	7183      	strb	r3, [r0, #6]
C:\Users\fv\Desktop\TAMA\GPIO\library\src/stm32f10x_exti.c:108
}
  10:	4770      	bx	lr
  12:	bf00      	nop

Disassembly of section .text.EXTI_GenerateSWInterrupt:

00000000 <EXTI_GenerateSWInterrupt>:
EXTI_GenerateSWInterrupt():
C:\Users\fv\Desktop\TAMA\GPIO\library\src/stm32f10x_exti.c:125
void EXTI_GenerateSWInterrupt(u32 EXTI_Line)
{
  /* Check the parameters */
  assert_param(IS_EXTI_LINE(EXTI_Line));
  
  EXTI->SWIER |= EXTI_Line;
   0:	f44f 6380 	mov.w	r3, #1024	; 0x400
   4:	f2c4 0301 	movt	r3, #16385	; 0x4001
   8:	691a      	ldr	r2, [r3, #16]
   a:	ea40 0202 	orr.w	r2, r0, r2
   e:	611a      	str	r2, [r3, #16]
C:\Users\fv\Desktop\TAMA\GPIO\library\src/stm32f10x_exti.c:126
}
  10:	4770      	bx	lr
  12:	bf00      	nop

Disassembly of section .text.EXTI_GetFlagStatus:

00000000 <EXTI_GetFlagStatus>:
EXTI_GetFlagStatus():
C:\Users\fv\Desktop\TAMA\GPIO\library\src/stm32f10x_exti.c:144
  FlagStatus bitstatus = RESET;

  /* Check the parameters */
  assert_param(IS_GET_EXTI_LINE(EXTI_Line));
  
  if ((EXTI->PR & EXTI_Line) != (u32)RESET)
   0:	f44f 6380 	mov.w	r3, #1024	; 0x400
   4:	f2c4 0301 	movt	r3, #16385	; 0x4001
   8:	695b      	ldr	r3, [r3, #20]
C:\Users\fv\Desktop\TAMA\GPIO\library\src/stm32f10x_exti.c:146
  {
    bitstatus = SET;
   a:	4218      	tst	r0, r3
C:\Users\fv\Desktop\TAMA\GPIO\library\src/stm32f10x_exti.c:153
  else
  {
    bitstatus = RESET;
  }
  return bitstatus;
}
   c:	bf0c      	ite	eq
   e:	2000      	moveq	r0, #0
  10:	2001      	movne	r0, #1
  12:	4770      	bx	lr

Disassembly of section .text.EXTI_ClearFlag:

00000000 <EXTI_ClearFlag>:
EXTI_ClearFlag():
C:\Users\fv\Desktop\TAMA\GPIO\library\src/stm32f10x_exti.c:169
void EXTI_ClearFlag(u32 EXTI_Line)
{
  /* Check the parameters */
  assert_param(IS_EXTI_LINE(EXTI_Line));
  
  EXTI->PR = EXTI_Line;
   0:	f44f 6380 	mov.w	r3, #1024	; 0x400
   4:	f2c4 0301 	movt	r3, #16385	; 0x4001
   8:	6158      	str	r0, [r3, #20]
C:\Users\fv\Desktop\TAMA\GPIO\library\src/stm32f10x_exti.c:170
}
   a:	4770      	bx	lr

Disassembly of section .text.EXTI_GetITStatus:

00000000 <EXTI_GetITStatus>:
EXTI_GetITStatus():
C:\Users\fv\Desktop\TAMA\GPIO\library\src/stm32f10x_exti.c:189
  u32 enablestatus = 0;

  /* Check the parameters */
  assert_param(IS_GET_EXTI_LINE(EXTI_Line));
  
  enablestatus =  EXTI->IMR & EXTI_Line;
   0:	f44f 6380 	mov.w	r3, #1024	; 0x400
   4:	f2c4 0301 	movt	r3, #16385	; 0x4001
   8:	681a      	ldr	r2, [r3, #0]
C:\Users\fv\Desktop\TAMA\GPIO\library\src/stm32f10x_exti.c:191

  if (((EXTI->PR & EXTI_Line) != (u32)RESET) && (enablestatus != (u32)RESET))
   a:	695b      	ldr	r3, [r3, #20]
   c:	4218      	tst	r0, r3
   e:	d004      	beq.n	1a <EXTI_GetITStatus+0x1a>
C:\Users\fv\Desktop\TAMA\GPIO\library\src/stm32f10x_exti.c:181
*                    This parameter can be:
*                       - EXTI_Linex: External interrupt line x where x(0..18)
* Output         : None
* Return         : The new state of EXTI_Line (SET or RESET).
*******************************************************************************/
ITStatus EXTI_GetITStatus(u32 EXTI_Line)
  10:	4210      	tst	r0, r2
C:\Users\fv\Desktop\TAMA\GPIO\library\src/stm32f10x_exti.c:193
  
  enablestatus =  EXTI->IMR & EXTI_Line;

  if (((EXTI->PR & EXTI_Line) != (u32)RESET) && (enablestatus != (u32)RESET))
  {
    bitstatus = SET;
  12:	bf0c      	ite	eq
  14:	2000      	moveq	r0, #0
  16:	2001      	movne	r0, #1
  18:	4770      	bx	lr
C:\Users\fv\Desktop\TAMA\GPIO\library\src/stm32f10x_exti.c:197
  }
  else
  {
    bitstatus = RESET;
  1a:	f04f 0000 	mov.w	r0, #0
C:\Users\fv\Desktop\TAMA\GPIO\library\src/stm32f10x_exti.c:200
  }
  return bitstatus;
}
  1e:	4770      	bx	lr

Disassembly of section .text.EXTI_ClearITPendingBit:

00000000 <EXTI_ClearITPendingBit>:
EXTI_ClearITPendingBit():
C:\Users\fv\Desktop\TAMA\GPIO\library\src/stm32f10x_exti.c:216
void EXTI_ClearITPendingBit(u32 EXTI_Line)
{
  /* Check the parameters */
  assert_param(IS_EXTI_LINE(EXTI_Line));
  
  EXTI->PR = EXTI_Line;
   0:	f44f 6380 	mov.w	r3, #1024	; 0x400
   4:	f2c4 0301 	movt	r3, #16385	; 0x4001
   8:	6158      	str	r0, [r3, #20]
C:\Users\fv\Desktop\TAMA\GPIO\library\src/stm32f10x_exti.c:217
}
   a:	4770      	bx	lr
