
C:\Users\fv\Desktop\TAMA\GPIO\project\RIDE\obj\stm32f10x_crc.o:     file format elf32-littlearm
C:\Users\fv\Desktop\TAMA\GPIO\project\RIDE\obj\stm32f10x_crc.o


Disassembly of section .text.CRC_ResetDR:

00000000 <CRC_ResetDR>:
CRC_ResetDR():
C:\Users\fv\Desktop\TAMA\GPIO\library\src/stm32f10x_crc.c:40
* Return         : None
*******************************************************************************/
void CRC_ResetDR(void)
{
  /* Reset CRC generator */
  CRC->CR = CR_RESET_Set;
   0:	f44f 5340 	mov.w	r3, #12288	; 0x3000
   4:	f2c4 0302 	movt	r3, #16386	; 0x4002
   8:	f04f 0201 	mov.w	r2, #1
   c:	609a      	str	r2, [r3, #8]
C:\Users\fv\Desktop\TAMA\GPIO\library\src/stm32f10x_crc.c:41
}
   e:	4770      	bx	lr

Disassembly of section .text.CRC_CalcCRC:

00000000 <CRC_CalcCRC>:
CRC_CalcCRC():
C:\Users\fv\Desktop\TAMA\GPIO\library\src/stm32f10x_crc.c:52
* Output         : None
* Return         : 32-bit CRC
*******************************************************************************/
u32 CRC_CalcCRC(u32 Data)
{
  CRC->DR = Data;
   0:	f44f 5340 	mov.w	r3, #12288	; 0x3000
   4:	f2c4 0302 	movt	r3, #16386	; 0x4002
   8:	6018      	str	r0, [r3, #0]
C:\Users\fv\Desktop\TAMA\GPIO\library\src/stm32f10x_crc.c:54
  
  return (CRC->DR);
   a:	6818      	ldr	r0, [r3, #0]
C:\Users\fv\Desktop\TAMA\GPIO\library\src/stm32f10x_crc.c:55
}
   c:	4770      	bx	lr
   e:	bf00      	nop

Disassembly of section .text.CRC_CalcBlockCRC:

00000000 <CRC_CalcBlockCRC>:
CRC_CalcBlockCRC():
C:\Users\fv\Desktop\TAMA\GPIO\library\src/stm32f10x_crc.c:67
*                  - BufferLength: length of the buffer to be computed					
* Output         : None
* Return         : 32-bit CRC
*******************************************************************************/
u32 CRC_CalcBlockCRC(u32 pBuffer[], u32 BufferLength)
{
   0:	b410      	push	{r4}
C:\Users\fv\Desktop\TAMA\GPIO\library\src/stm32f10x_crc.c:70
  u32 index = 0;
  
  for(index = 0; index < BufferLength; index++)
   2:	460b      	mov	r3, r1
   4:	b161      	cbz	r1, 20 <CRC_CalcBlockCRC+0x20>
   6:	f04f 0200 	mov.w	r2, #0
C:\Users\fv\Desktop\TAMA\GPIO\library\src/stm32f10x_crc.c:72
  {
    CRC->DR = pBuffer[index];
   a:	f44f 5440 	mov.w	r4, #12288	; 0x3000
   e:	f2c4 0402 	movt	r4, #16386	; 0x4002
  12:	f850 1b04 	ldr.w	r1, [r0], #4
  16:	6021      	str	r1, [r4, #0]
C:\Users\fv\Desktop\TAMA\GPIO\library\src/stm32f10x_crc.c:70
*******************************************************************************/
u32 CRC_CalcBlockCRC(u32 pBuffer[], u32 BufferLength)
{
  u32 index = 0;
  
  for(index = 0; index < BufferLength; index++)
  18:	f102 0201 	add.w	r2, r2, #1
  1c:	4293      	cmp	r3, r2
  1e:	d8f8      	bhi.n	12 <CRC_CalcBlockCRC+0x12>
C:\Users\fv\Desktop\TAMA\GPIO\library\src/stm32f10x_crc.c:75
  {
    CRC->DR = pBuffer[index];
  }

  return (CRC->DR);
  20:	f44f 5340 	mov.w	r3, #12288	; 0x3000
  24:	f2c4 0302 	movt	r3, #16386	; 0x4002
  28:	6818      	ldr	r0, [r3, #0]
C:\Users\fv\Desktop\TAMA\GPIO\library\src/stm32f10x_crc.c:76
}
  2a:	bc10      	pop	{r4}
  2c:	4770      	bx	lr
  2e:	bf00      	nop

Disassembly of section .text.CRC_GetCRC:

00000000 <CRC_GetCRC>:
CRC_GetCRC():
C:\Users\fv\Desktop\TAMA\GPIO\library\src/stm32f10x_crc.c:87
* Output         : None
* Return         : 32-bit CRC
*******************************************************************************/
u32 CRC_GetCRC(void)
{
  return (CRC->DR);
   0:	f44f 5340 	mov.w	r3, #12288	; 0x3000
   4:	f2c4 0302 	movt	r3, #16386	; 0x4002
   8:	6818      	ldr	r0, [r3, #0]
C:\Users\fv\Desktop\TAMA\GPIO\library\src/stm32f10x_crc.c:88
}
   a:	4770      	bx	lr

Disassembly of section .text.CRC_SetIDRegister:

00000000 <CRC_SetIDRegister>:
CRC_SetIDRegister():
C:\Users\fv\Desktop\TAMA\GPIO\library\src/stm32f10x_crc.c:99
* Output         : None
* Return         : None
*******************************************************************************/
void CRC_SetIDRegister(u8 IDValue)
{
  CRC->IDR = IDValue;
   0:	f44f 5340 	mov.w	r3, #12288	; 0x3000
   4:	f2c4 0302 	movt	r3, #16386	; 0x4002
   8:	7118      	strb	r0, [r3, #4]
C:\Users\fv\Desktop\TAMA\GPIO\library\src/stm32f10x_crc.c:100
}
   a:	4770      	bx	lr

Disassembly of section .text.CRC_GetIDRegister:

00000000 <CRC_GetIDRegister>:
CRC_GetIDRegister():
C:\Users\fv\Desktop\TAMA\GPIO\library\src/stm32f10x_crc.c:111
* Output         : None
* Return         : 8-bit value of the ID register 
*******************************************************************************/
u8 CRC_GetIDRegister(void)
{
  return (CRC->IDR);
   0:	f44f 5340 	mov.w	r3, #12288	; 0x3000
   4:	f2c4 0302 	movt	r3, #16386	; 0x4002
   8:	7918      	ldrb	r0, [r3, #4]
C:\Users\fv\Desktop\TAMA\GPIO\library\src/stm32f10x_crc.c:112
}
   a:	4770      	bx	lr
