
C:\Users\fv\Desktop\STM32_LAMEC_CAN\TAMA\SPI\project\RIDE\obj\Util.o:     file format elf32-littlearm
C:\Users\fv\Desktop\STM32_LAMEC_CAN\TAMA\SPI\project\RIDE\obj\Util.o


Disassembly of section .text._int2str:

00000000 <_int2str>:
_int2str():
C:\Users\fv\Desktop\STM32_LAMEC_CAN\TAMA\SPI\project/Util.c:59
*  @param[in]     fillwithzero   Fill with zeros or spaces.
*
**/
/******************************************************************************/
static void _int2str( char* ptr, s32 X, u16 digit, int flagunsigned, int fillwithzero )
   {
   0:	e92d 0ff0 	stmdb	sp!, {r4, r5, r6, r7, r8, r9, sl, fp}
   4:	b082      	sub	sp, #8
   6:	f8dd c028 	ldr.w	ip, [sp, #40]	; 0x28
C:\Users\fv\Desktop\STM32_LAMEC_CAN\TAMA\SPI\project/Util.c:66
   u8    fFirst   = 0;
   u8    fNeg     = 0;
   u32   DIG      = 1;
   int   i;

   for( i = 1; i < digit; i++ )
   a:	4617      	mov	r7, r2
   c:	2a01      	cmp	r2, #1
C:\Users\fv\Desktop\STM32_LAMEC_CAN\TAMA\SPI\project/Util.c:63
static void _int2str( char* ptr, s32 X, u16 digit, int flagunsigned, int fillwithzero )
   {
   u8    c;
   u8    fFirst   = 0;
   u8    fNeg     = 0;
   u32   DIG      = 1;
   e:	bfd8      	it	le
  10:	2401      	movle	r4, #1
C:\Users\fv\Desktop\STM32_LAMEC_CAN\TAMA\SPI\project/Util.c:66
   int   i;

   for( i = 1; i < digit; i++ )
  12:	dd0a      	ble.n	2a <_int2str+0x2a>
  14:	f04f 0501 	mov.w	r5, #1
C:\Users\fv\Desktop\STM32_LAMEC_CAN\TAMA\SPI\project/Util.c:63
static void _int2str( char* ptr, s32 X, u16 digit, int flagunsigned, int fillwithzero )
   {
   u8    c;
   u8    fFirst   = 0;
   u8    fNeg     = 0;
   u32   DIG      = 1;
  18:	462c      	mov	r4, r5
C:\Users\fv\Desktop\STM32_LAMEC_CAN\TAMA\SPI\project/Util.c:68
   int   i;

   for( i = 1; i < digit; i++ )
      {
      DIG *= 10;
  1a:	eb04 0484 	add.w	r4, r4, r4, lsl #2
  1e:	ea4f 0444 	mov.w	r4, r4, lsl #1
C:\Users\fv\Desktop\STM32_LAMEC_CAN\TAMA\SPI\project/Util.c:66
   u8    fFirst   = 0;
   u8    fNeg     = 0;
   u32   DIG      = 1;
   int   i;

   for( i = 1; i < digit; i++ )
  22:	f105 0501 	add.w	r5, r5, #1
  26:	42bd      	cmp	r5, r7
  28:	dbf7      	blt.n	1a <_int2str+0x1a>
C:\Users\fv\Desktop\STM32_LAMEC_CAN\TAMA\SPI\project/Util.c:71
      {
      DIG *= 10;
      }

   if( !flagunsigned && ( X < 0 ) )
  2a:	f1d3 0901 	rsbs	r9, r3, #1
  2e:	bf38      	it	cc
  30:	f04f 0900 	movcc.w	r9, #0
  34:	ea19 73d1 	ands.w	r3, r9, r1, lsr #31
C:\Users\fv\Desktop\STM32_LAMEC_CAN\TAMA\SPI\project/Util.c:74
      {
      fNeg = 1;
      X    = -X;
  38:	bf1a      	itte	ne
  3a:	4249      	negne	r1, r1
C:\Users\fv\Desktop\STM32_LAMEC_CAN\TAMA\SPI\project/Util.c:73
      DIG *= 10;
      }

   if( !flagunsigned && ( X < 0 ) )
      {
      fNeg = 1;
  3c:	f04f 0b01 	movne.w	fp, #1
C:\Users\fv\Desktop\STM32_LAMEC_CAN\TAMA\SPI\project/Util.c:62
/******************************************************************************/
static void _int2str( char* ptr, s32 X, u16 digit, int flagunsigned, int fillwithzero )
   {
   u8    c;
   u8    fFirst   = 0;
   u8    fNeg     = 0;
  40:	f04f 0b00 	moveq.w	fp, #0
C:\Users\fv\Desktop\STM32_LAMEC_CAN\TAMA\SPI\project/Util.c:79
      X    = -X;
      }

   u32 r = X;

   for( i = 0; i < digit; i++, DIG /= 10 )
  44:	2a00      	cmp	r2, #0
  46:	d039      	beq.n	bc <_int2str+0xbc>
  48:	f04f 0200 	mov.w	r2, #0
C:\Users\fv\Desktop\STM32_LAMEC_CAN\TAMA\SPI\project/Util.c:61
**/
/******************************************************************************/
static void _int2str( char* ptr, s32 X, u16 digit, int flagunsigned, int fillwithzero )
   {
   u8    c;
   u8    fFirst   = 0;
  4c:	4616      	mov	r6, r2
C:\Users\fv\Desktop\STM32_LAMEC_CAN\TAMA\SPI\project/Util.c:92
            {
            *ptr++ = fNeg ? '-' : ' ';
            }

         *ptr++ = c + 0x30;
         fFirst = 1;
  4e:	f04f 0a01 	mov.w	sl, #1
C:\Users\fv\Desktop\STM32_LAMEC_CAN\TAMA\SPI\project/Util.c:84
   for( i = 0; i < digit; i++, DIG /= 10 )
      {
      c  = (r/DIG);
      r -= (c*DIG);

      if( fillwithzero || fFirst || c || ( i == ( digit - 1 ) ) )
  52:	f107 35ff 	add.w	r5, r7, #4294967295
  56:	9501      	str	r5, [sp, #4]
C:\Users\fv\Desktop\STM32_LAMEC_CAN\TAMA\SPI\project/Util.c:79
      X    = -X;
      }

   u32 r = X;

   for( i = 0; i < digit; i++, DIG /= 10 )
  58:	f64c 48cd 	movw	r8, #52429	; 0xcccd
  5c:	f6cc 48cc 	movt	r8, #52428	; 0xcccc
C:\Users\fv\Desktop\STM32_LAMEC_CAN\TAMA\SPI\project/Util.c:81
      {
      c  = (r/DIG);
  60:	fbb1 f3f4 	udiv	r3, r1, r4
  64:	b2db      	uxtb	r3, r3
C:\Users\fv\Desktop\STM32_LAMEC_CAN\TAMA\SPI\project/Util.c:82
      r -= (c*DIG);
  66:	fb04 1113 	mls	r1, r4, r3, r1
C:\Users\fv\Desktop\STM32_LAMEC_CAN\TAMA\SPI\project/Util.c:84

      if( fillwithzero || fFirst || c || ( i == ( digit - 1 ) ) )
  6a:	f1bc 0f00 	cmp.w	ip, #0
  6e:	bf0c      	ite	eq
  70:	4635      	moveq	r5, r6
  72:	f046 0501 	orrne.w	r5, r6, #1
  76:	b93d      	cbnz	r5, 88 <_int2str+0x88>
  78:	b933      	cbnz	r3, 88 <_int2str+0x88>
  7a:	9d01      	ldr	r5, [sp, #4]
  7c:	4295      	cmp	r5, r2
C:\Users\fv\Desktop\STM32_LAMEC_CAN\TAMA\SPI\project/Util.c:96
         *ptr++ = c + 0x30;
         fFirst = 1;
         }
       else
         {
         *ptr++ = ' ';
  7e:	bf1c      	itt	ne
  80:	2320      	movne	r3, #32
  82:	f800 3b01 	strbne.w	r3, [r0], #1
C:\Users\fv\Desktop\STM32_LAMEC_CAN\TAMA\SPI\project/Util.c:84
   for( i = 0; i < digit; i++, DIG /= 10 )
      {
      c  = (r/DIG);
      r -= (c*DIG);

      if( fillwithzero || fFirst || c || ( i == ( digit - 1 ) ) )
  86:	d110      	bne.n	aa <_int2str+0xaa>
C:\Users\fv\Desktop\STM32_LAMEC_CAN\TAMA\SPI\project/Util.c:86
         {
         if( ( fFirst == 0 ) && !flagunsigned )
  88:	f086 0601 	eor.w	r6, r6, #1
  8c:	ea19 0f06 	tst.w	r9, r6
  90:	d006      	beq.n	a0 <_int2str+0xa0>
C:\Users\fv\Desktop\STM32_LAMEC_CAN\TAMA\SPI\project/Util.c:88
            {
            *ptr++ = fNeg ? '-' : ' ';
  92:	f1bb 0f00 	cmp.w	fp, #0
  96:	bf0c      	ite	eq
  98:	2520      	moveq	r5, #32
  9a:	252d      	movne	r5, #45	; 0x2d
  9c:	f800 5b01 	strb.w	r5, [r0], #1
C:\Users\fv\Desktop\STM32_LAMEC_CAN\TAMA\SPI\project/Util.c:91
            }

         *ptr++ = c + 0x30;
  a0:	f103 0330 	add.w	r3, r3, #48	; 0x30
  a4:	f800 3b01 	strb.w	r3, [r0], #1
C:\Users\fv\Desktop\STM32_LAMEC_CAN\TAMA\SPI\project/Util.c:92
         fFirst = 1;
  a8:	4656      	mov	r6, sl
C:\Users\fv\Desktop\STM32_LAMEC_CAN\TAMA\SPI\project/Util.c:79
      X    = -X;
      }

   u32 r = X;

   for( i = 0; i < digit; i++, DIG /= 10 )
  aa:	f102 0201 	add.w	r2, r2, #1
  ae:	42ba      	cmp	r2, r7
  b0:	da04      	bge.n	bc <_int2str+0xbc>
  b2:	fba8 5404 	umull	r5, r4, r8, r4
  b6:	ea4f 04d4 	mov.w	r4, r4, lsr #3
  ba:	e7d1      	b.n	60 <_int2str+0x60>
C:\Users\fv\Desktop\STM32_LAMEC_CAN\TAMA\SPI\project/Util.c:100
         {
         *ptr++ = ' ';
         }
      }

   *ptr++ = 0;
  bc:	f04f 0300 	mov.w	r3, #0
  c0:	7003      	strb	r3, [r0, #0]
C:\Users\fv\Desktop\STM32_LAMEC_CAN\TAMA\SPI\project/Util.c:101
   }
  c2:	b002      	add	sp, #8
  c4:	e8bd 0ff0 	ldmia.w	sp!, {r4, r5, r6, r7, r8, r9, sl, fp}
  c8:	4770      	bx	lr
  ca:	bf00      	nop

Disassembly of section .text.delay_unit:

00000000 <delay_unit>:
delay_unit():
C:\Users\fv\Desktop\STM32_LAMEC_CAN\TAMA\SPI\project/Util.c:120
*
**/
/******************************************************************************/
void delay_unit( void )
   {
   dummycounter++;
   0:	f240 0300 	movw	r3, #0
   4:	f2c0 0300 	movt	r3, #0
   8:	681a      	ldr	r2, [r3, #0]
   a:	f102 0201 	add.w	r2, r2, #1
   e:	601a      	str	r2, [r3, #0]
C:\Users\fv\Desktop\STM32_LAMEC_CAN\TAMA\SPI\project/Util.c:121
   }
  10:	4770      	bx	lr
  12:	bf00      	nop

Disassembly of section .text.UTIL_GetBat:

00000000 <UTIL_GetBat>:
UTIL_GetBat():
C:\Users\fv\Desktop\STM32_LAMEC_CAN\TAMA\SPI\project/Util.c:146
   {
#ifdef _ADC
   u16 vbat;

   // Measure VBAT
   vbat = ADC_ConvertedValue[0];  //*( (u16*)ADC1_DR_Address );      // <=== note changed 
   0:	f240 0300 	movw	r3, #0
   4:	f2c0 0300 	movt	r3, #0
   8:	881b      	ldrh	r3, [r3, #0]
C:\Users\fv\Desktop\STM32_LAMEC_CAN\TAMA\SPI\project/Util.c:148
   vbat = vbat & 0xFFF;
   vbat = ( vbat * VDD_VOLTAGE_MV ) / 0x1000;
   a:	ea4f 5303 	mov.w	r3, r3, lsl #20
   e:	ea4f 5313 	mov.w	r3, r3, lsr #20
  12:	f640 42e4 	movw	r2, #3300	; 0xce4
  16:	fb02 f303 	mul.w	r3, r2, r3
C:\Users\fv\Desktop\STM32_LAMEC_CAN\TAMA\SPI\project/Util.c:154

   return vbat;
#else
   return 0;
#endif
   }
  1a:	ea4f 3013 	mov.w	r0, r3, lsr #12
  1e:	4770      	bx	lr

Disassembly of section .text.UTIL_GetTemp:

00000000 <UTIL_GetTemp>:
UTIL_GetTemp():
C:\Users\fv\Desktop\STM32_LAMEC_CAN\TAMA\SPI\project/Util.c:172
**/
/******************************************************************************/
u16 UTIL_GetTemp( void )
   {
   s32 temp;
   s16 *p=&ADC_ConvertedValue[1];  //intent; point to first of 8 results from same source - use a short name for it!
   0:	f240 0200 	movw	r2, #0
   4:	f2c0 0200 	movt	r2, #0
   8:	f102 0302 	add.w	r3, r2, #2
C:\Users\fv\Desktop\STM32_LAMEC_CAN\TAMA\SPI\project/Util.c:176
   
   // Measure temp
   //temp = ADC_ConvertedValue[1];//*( (u16*)ADC1_DR_Address ); 
   temp = (p[0]+p[1]+p[2]+p[3]+p[4]+p[5]+p[6]+p[7])/8; //take avg of burst of 8 temp reads. may only help reject hi freq noise a bit
   c:	f9b2 0004 	ldrsh.w	r0, [r2, #4]
  10:	f9b2 1006 	ldrsh.w	r1, [r2, #6]
  14:	1840      	adds	r0, r0, r1
  16:	f9b2 1002 	ldrsh.w	r1, [r2, #2]
  1a:	1842      	adds	r2, r0, r1
  1c:	f9b3 1006 	ldrsh.w	r1, [r3, #6]
  20:	1852      	adds	r2, r2, r1
  22:	f9b3 1008 	ldrsh.w	r1, [r3, #8]
  26:	1852      	adds	r2, r2, r1
  28:	f9b3 100a 	ldrsh.w	r1, [r3, #10]
  2c:	1852      	adds	r2, r2, r1
  2e:	f9b3 100c 	ldrsh.w	r1, [r3, #12]
  32:	1852      	adds	r2, r2, r1
  34:	f9b3 300e 	ldrsh.w	r3, [r3, #14]
  38:	18d2      	adds	r2, r2, r3
  3a:	f102 0307 	add.w	r3, r2, #7
  3e:	ea32 0222 	bics.w	r2, r2, r2, asr #32
  42:	bf28      	it	cs
  44:	461a      	movcs	r2, r3
C:\Users\fv\Desktop\STM32_LAMEC_CAN\TAMA\SPI\project/Util.c:178
                                                       //will not help reduce mains ripple because conversions are SO FAST!!
   temp = temp & 0xFFF;
  46:	f3c2 02cb 	ubfx	r2, r2, #3, #12
C:\Users\fv\Desktop\STM32_LAMEC_CAN\TAMA\SPI\project/Util.c:179
   temp = ( temp * VDD_VOLTAGE_MV ) / 0x1000;  //finds mV  
  4a:	f640 43e4 	movw	r3, #3300	; 0xce4
  4e:	fb03 f202 	mul.w	r2, r3, r2
  52:	ea4f 3222 	mov.w	r2, r2, asr #12
C:\Users\fv\Desktop\STM32_LAMEC_CAN\TAMA\SPI\project/Util.c:180
   temp = (((1400-temp)*100000)/448)+25000;  //gives approx temp x 1000 degrees C
  56:	f647 1360 	movw	r3, #31072	; 0x7960
  5a:	f6cf 73fe 	movt	r3, #65534	; 0xfffe
  5e:	f44f 516c 	mov.w	r1, #15104	; 0x3b00
  62:	f6c0 0158 	movt	r1, #2136	; 0x858
  66:	fb03 1202 	mla	r2, r3, r2, r1
  6a:	f242 4393 	movw	r3, #9363	; 0x2493
  6e:	f2c9 2349 	movt	r3, #37449	; 0x9249
  72:	fb83 1302 	smull	r1, r3, r3, r2
  76:	189b      	adds	r3, r3, r2
  78:	ea4f 72e2 	mov.w	r2, r2, asr #31
  7c:	ebc2 2323 	rsb	r3, r2, r3, asr #8
  80:	f503 43c2 	add.w	r3, r3, #24832	; 0x6100
  84:	f103 03a8 	add.w	r3, r3, #168	; 0xa8
C:\Users\fv\Desktop\STM32_LAMEC_CAN\TAMA\SPI\project/Util.c:183
   
   //Fahrenheit = 32 + 9 / 5 * Celsius
   if ( fTemperatureInFahrenheit ) 
  88:	f240 0200 	movw	r2, #0
  8c:	f2c0 0200 	movt	r2, #0
  90:	7912      	ldrb	r2, [r2, #4]
  92:	b16a      	cbz	r2, b0 <UTIL_GetTemp+0xb0>
C:\Users\fv\Desktop\STM32_LAMEC_CAN\TAMA\SPI\project/Util.c:185
      {
      temp = 32000 + (9 * temp) / 5 ;
  94:	eb03 03c3 	add.w	r3, r3, r3, lsl #3
  98:	f246 6267 	movw	r2, #26215	; 0x6667
  9c:	f2c6 6266 	movt	r2, #26214	; 0x6666
  a0:	fb82 1203 	smull	r1, r2, r2, r3
  a4:	ea4f 73e3 	mov.w	r3, r3, asr #31
  a8:	ebc3 0362 	rsb	r3, r3, r2, asr #1
  ac:	f503 43fa 	add.w	r3, r3, #32000	; 0x7d00
C:\Users\fv\Desktop\STM32_LAMEC_CAN\TAMA\SPI\project/Util.c:188
      }
   
   return temp / 100;
  b0:	f248 521f 	movw	r2, #34079	; 0x851f
  b4:	f2c5 12eb 	movt	r2, #20971	; 0x51eb
  b8:	fb82 1203 	smull	r1, r2, r2, r3
  bc:	ea4f 73e3 	mov.w	r3, r3, asr #31
  c0:	ebc3 1052 	rsb	r0, r3, r2, lsr #5
C:\Users\fv\Desktop\STM32_LAMEC_CAN\TAMA\SPI\project/Util.c:189
   }
  c4:	b280      	uxth	r0, r0
  c6:	4770      	bx	lr

Disassembly of section .text.UTIL_SetTempMode:

00000000 <UTIL_SetTempMode>:
UTIL_SetTempMode():
C:\Users\fv\Desktop\STM32_LAMEC_CAN\TAMA\SPI\project/Util.c:206
*
**/
/******************************************************************************/
void UTIL_SetTempMode ( int mode )
   {
   fTemperatureInFahrenheit = mode; 
   0:	f240 0300 	movw	r3, #0
   4:	f2c0 0300 	movt	r3, #0
   8:	7118      	strb	r0, [r3, #4]
C:\Users\fv\Desktop\STM32_LAMEC_CAN\TAMA\SPI\project/Util.c:209
  
   return;
   }
   a:	4770      	bx	lr

Disassembly of section .text.UTIL_GetUsb:

00000000 <UTIL_GetUsb>:
UTIL_GetUsb():
C:\Users\fv\Desktop\STM32_LAMEC_CAN\TAMA\SPI\project/Util.c:226
*  @return The USB connexion state.
*
**/
/******************************************************************************/
u8 UTIL_GetUsb( void )
   {
   0:	b538      	push	{r3, r4, r5, lr}
C:\Users\fv\Desktop\STM32_LAMEC_CAN\TAMA\SPI\project/Util.c:227
   GPIO_InitStructure.GPIO_Pin   =  GPIO_USB_PIN;
   2:	f240 0100 	movw	r1, #0
   6:	f2c0 0100 	movt	r1, #0
   a:	f04f 0502 	mov.w	r5, #2
   e:	800d      	strh	r5, [r1, #0]
C:\Users\fv\Desktop\STM32_LAMEC_CAN\TAMA\SPI\project/Util.c:228
   GPIO_InitStructure.GPIO_Mode  = GPIO_Mode_IN_FLOATING;
  10:	f04f 0304 	mov.w	r3, #4
  14:	70cb      	strb	r3, [r1, #3]
C:\Users\fv\Desktop\STM32_LAMEC_CAN\TAMA\SPI\project/Util.c:229
   GPIO_InitStructure.GPIO_Speed = GPIO_Speed_50MHz;
  16:	f04f 0303 	mov.w	r3, #3
  1a:	708b      	strb	r3, [r1, #2]
C:\Users\fv\Desktop\STM32_LAMEC_CAN\TAMA\SPI\project/Util.c:231

   GPIO_Init( GPIOx_USB, &GPIO_InitStructure );
  1c:	f44f 6400 	mov.w	r4, #2048	; 0x800
  20:	f2c4 0401 	movt	r4, #16385	; 0x4001
  24:	4620      	mov	r0, r4
  26:	f7ff fffe 	bl	0 <GPIO_Init>
C:\Users\fv\Desktop\STM32_LAMEC_CAN\TAMA\SPI\project/Util.c:233

   return ( GPIO_ReadInputDataBit( GPIOx_USB, GPIO_USB_PIN ) == Bit_SET );
  2a:	4620      	mov	r0, r4
  2c:	4629      	mov	r1, r5
  2e:	f7ff fffe 	bl	0 <GPIO_ReadInputDataBit>
C:\Users\fv\Desktop\STM32_LAMEC_CAN\TAMA\SPI\project/Util.c:234
   }
  32:	2801      	cmp	r0, #1
  34:	bf14      	ite	ne
  36:	2000      	movne	r0, #0
  38:	2001      	moveq	r0, #1
  3a:	bd38      	pop	{r3, r4, r5, pc}

Disassembly of section .text.UTIL_uint2str:

00000000 <UTIL_uint2str>:
UTIL_uint2str():
C:\Users\fv\Desktop\STM32_LAMEC_CAN\TAMA\SPI\project/Util.c:254
*                              \li 1   fill with zeros.
*
**/
/********************************************************************************/
void UTIL_uint2str( char* ptr, u32 X, u16 digit, int fillwithzero )
   {
   0:	b500      	push	{lr}
   2:	b083      	sub	sp, #12
C:\Users\fv\Desktop\STM32_LAMEC_CAN\TAMA\SPI\project/Util.c:255
   _int2str( ptr, X, digit, 1, fillwithzero);
   4:	9300      	str	r3, [sp, #0]
   6:	f04f 0301 	mov.w	r3, #1
   a:	f7ff fffe 	bl	0 <UTIL_uint2str>
C:\Users\fv\Desktop\STM32_LAMEC_CAN\TAMA\SPI\project/Util.c:256
   }
   e:	b003      	add	sp, #12
  10:	bd00      	pop	{pc}
  12:	bf00      	nop

Disassembly of section .text.UTIL_int2str:

00000000 <UTIL_int2str>:
UTIL_int2str():
C:\Users\fv\Desktop\STM32_LAMEC_CAN\TAMA\SPI\project/Util.c:276
*                              \li 1   fill with zeros.
*
**/
/******************************************************************************/
void UTIL_int2str( char* ptr, s32 X, u16 digit, int fillwithzero )
   {
   0:	b500      	push	{lr}
   2:	b083      	sub	sp, #12
C:\Users\fv\Desktop\STM32_LAMEC_CAN\TAMA\SPI\project/Util.c:277
   _int2str( ptr, X, digit, 0, fillwithzero);
   4:	9300      	str	r3, [sp, #0]
   6:	f04f 0300 	mov.w	r3, #0
   a:	f7ff fffe 	bl	0 <UTIL_int2str>
C:\Users\fv\Desktop\STM32_LAMEC_CAN\TAMA\SPI\project/Util.c:278
   }
   e:	b003      	add	sp, #12
  10:	bd00      	pop	{pc}
  12:	bf00      	nop

Disassembly of section .text.UTIL_SetPll:

00000000 <UTIL_SetPll>:
UTIL_SetPll():
C:\Users\fv\Desktop\STM32_LAMEC_CAN\TAMA\SPI\project/Util.c:294
*  @param [in]   speed  New clock speed from very low to very fast.
*
**/
/******************************************************************************/
void UTIL_SetPll( enum eSpeed speed )
   {
   0:	b510      	push	{r4, lr}
   2:	4604      	mov	r4, r0
C:\Users\fv\Desktop\STM32_LAMEC_CAN\TAMA\SPI\project/Util.c:296
   /* Select PLL as system clock source */
   RCC_SYSCLKConfig( RCC_SYSCLKSource_HSI );
   4:	f04f 0000 	mov.w	r0, #0
   8:	f7ff fffe 	bl	0 <RCC_SYSCLKConfig>
C:\Users\fv\Desktop\STM32_LAMEC_CAN\TAMA\SPI\project/Util.c:299

   /* Enable PLL */
   RCC_PLLCmd( DISABLE );
   c:	f04f 0000 	mov.w	r0, #0
  10:	f7ff fffe 	bl	0 <RCC_PLLCmd>
C:\Users\fv\Desktop\STM32_LAMEC_CAN\TAMA\SPI\project/Util.c:301

   if( ( speed < SPEED_VERY_LOW ) || ( speed > SPEED_VERY_HIGH ) )
  14:	f104 33ff 	add.w	r3, r4, #4294967295
  18:	b2db      	uxtb	r3, r3
  1a:	2b04      	cmp	r3, #4
  1c:	d849      	bhi.n	b2 <UTIL_SetPll+0xb2>
C:\Users\fv\Desktop\STM32_LAMEC_CAN\TAMA\SPI\project/Util.c:306
      {
      speed = SPEED_MEDIUM;
      } 

   CurrentSpeed = speed; 
  1e:	f240 0300 	movw	r3, #0
  22:	f2c0 0300 	movt	r3, #0
  26:	701c      	strb	r4, [r3, #0]
C:\Users\fv\Desktop\STM32_LAMEC_CAN\TAMA\SPI\project/Util.c:308

   switch( speed )
  28:	f104 34ff 	add.w	r4, r4, #4294967295
  2c:	2c04      	cmp	r4, #4
  2e:	d812      	bhi.n	56 <UTIL_SetPll+0x56>
  30:	e8df f004 	tbb	[pc, r4]
  34:	18110a03 	.word	0x18110a03
  38:	1f          	.byte	0x1f
  39:	00          	.byte	0x00
C:\Users\fv\Desktop\STM32_LAMEC_CAN\TAMA\SPI\project/Util.c:313
      {
      // 18 MHz
      case SPEED_VERY_LOW  :
         /* PLLCLK = 6MHz * 3 = 18 MHz */
         RCC_PLLConfig( RCC_PLLSource_HSE_Div2, RCC_PLLMul_3 );
  3a:	f44f 3040 	mov.w	r0, #196608	; 0x30000
  3e:	f44f 2180 	mov.w	r1, #262144	; 0x40000
  42:	f7ff fffe 	bl	0 <RCC_PLLConfig>
C:\Users\fv\Desktop\STM32_LAMEC_CAN\TAMA\SPI\project/Util.c:314
         break;
  46:	e01a      	b.n	7e <UTIL_SetPll+0x7e>
C:\Users\fv\Desktop\STM32_LAMEC_CAN\TAMA\SPI\project/Util.c:319

      // 24MHz
      case SPEED_LOW       :
         /* PLLCLK = 12MHz * 2 = 24 MHz */
         RCC_PLLConfig( RCC_PLLSource_HSE_Div1, RCC_PLLMul_2 );
  48:	f44f 3080 	mov.w	r0, #65536	; 0x10000
  4c:	f04f 0100 	mov.w	r1, #0
  50:	f7ff fffe 	bl	0 <RCC_PLLConfig>
C:\Users\fv\Desktop\STM32_LAMEC_CAN\TAMA\SPI\project/Util.c:320
         break;
  54:	e013      	b.n	7e <UTIL_SetPll+0x7e>
C:\Users\fv\Desktop\STM32_LAMEC_CAN\TAMA\SPI\project/Util.c:326

      // 36MHz
      case SPEED_MEDIUM    :   
      default              :
         /* PLLCLK = 12MHz * 3 = 36 MHz */
         RCC_PLLConfig( RCC_PLLSource_HSE_Div1, RCC_PLLMul_3 );
  56:	f44f 3080 	mov.w	r0, #65536	; 0x10000
  5a:	f44f 2180 	mov.w	r1, #262144	; 0x40000
  5e:	f7ff fffe 	bl	0 <RCC_PLLConfig>
C:\Users\fv\Desktop\STM32_LAMEC_CAN\TAMA\SPI\project/Util.c:327
         break;
  62:	e00c      	b.n	7e <UTIL_SetPll+0x7e>
C:\Users\fv\Desktop\STM32_LAMEC_CAN\TAMA\SPI\project/Util.c:332

      // 48MHz
      case SPEED_HIGH      :
         /* PLLCLK = 12MHz * 4 = 48 MHz */
         RCC_PLLConfig( RCC_PLLSource_HSE_Div1, RCC_PLLMul_4 );
  64:	f44f 3080 	mov.w	r0, #65536	; 0x10000
  68:	f44f 2100 	mov.w	r1, #524288	; 0x80000
  6c:	f7ff fffe 	bl	0 <RCC_PLLConfig>
C:\Users\fv\Desktop\STM32_LAMEC_CAN\TAMA\SPI\project/Util.c:333
         break;
  70:	e005      	b.n	7e <UTIL_SetPll+0x7e>
C:\Users\fv\Desktop\STM32_LAMEC_CAN\TAMA\SPI\project/Util.c:338

      // 72MHz
      case SPEED_VERY_HIGH :
         /* PLLCLK = 12MHz * 6 = 72 MHz */
         RCC_PLLConfig( RCC_PLLSource_HSE_Div1, RCC_PLLMul_6 );
  72:	f44f 3080 	mov.w	r0, #65536	; 0x10000
  76:	f44f 1180 	mov.w	r1, #1048576	; 0x100000
  7a:	f7ff fffe 	bl	0 <RCC_PLLConfig>
C:\Users\fv\Desktop\STM32_LAMEC_CAN\TAMA\SPI\project/Util.c:343
         break;
      }

   /* Enable PLL */
   RCC_PLLCmd( ENABLE );
  7e:	f04f 0001 	mov.w	r0, #1
  82:	f7ff fffe 	bl	0 <RCC_PLLCmd>
C:\Users\fv\Desktop\STM32_LAMEC_CAN\TAMA\SPI\project/Util.c:346

   /* Wait till PLL is ready */
   while( RCC_GetFlagStatus( RCC_FLAG_PLLRDY ) == RESET )
  86:	f04f 0439 	mov.w	r4, #57	; 0x39
  8a:	4620      	mov	r0, r4
  8c:	f7ff fffe 	bl	0 <RCC_GetFlagStatus>
  90:	2800      	cmp	r0, #0
  92:	d0fa      	beq.n	8a <UTIL_SetPll+0x8a>
C:\Users\fv\Desktop\STM32_LAMEC_CAN\TAMA\SPI\project/Util.c:350
      { ; }

   /* Select PLL as system clock source */
   RCC_SYSCLKConfig( RCC_SYSCLKSource_PLLCLK );
  94:	f04f 0002 	mov.w	r0, #2
  98:	f7ff fffe 	bl	0 <RCC_SYSCLKConfig>
C:\Users\fv\Desktop\STM32_LAMEC_CAN\TAMA\SPI\project/Util.c:353

   /* Wait till PLL is used as system clock source */
   while( RCC_GetSYSCLKSource() != 0x08 )
  9c:	f7ff fffe 	bl	0 <RCC_GetSYSCLKSource>
  a0:	2808      	cmp	r0, #8
  a2:	d1fb      	bne.n	9c <UTIL_SetPll+0x9c>
C:\Users\fv\Desktop\STM32_LAMEC_CAN\TAMA\SPI\project/Util.c:358
      { ; }

   /* This function fills a RCC_ClocksTypeDef structure with the current frequencies
     of different on chip clocks (for debug purpose) */
   RCC_GetClocksFreq( &RCC_ClockFreq );
  a4:	f240 0000 	movw	r0, #0
  a8:	f2c0 0000 	movt	r0, #0
  ac:	f7ff fffe 	bl	0 <RCC_GetClocksFreq>
C:\Users\fv\Desktop\STM32_LAMEC_CAN\TAMA\SPI\project/Util.c:359
   }
  b0:	bd10      	pop	{r4, pc}
C:\Users\fv\Desktop\STM32_LAMEC_CAN\TAMA\SPI\project/Util.c:306
   if( ( speed < SPEED_VERY_LOW ) || ( speed > SPEED_VERY_HIGH ) )
      {
      speed = SPEED_MEDIUM;
      } 

   CurrentSpeed = speed; 
  b2:	f240 0300 	movw	r3, #0
  b6:	f2c0 0300 	movt	r3, #0
  ba:	f04f 0203 	mov.w	r2, #3
  be:	701a      	strb	r2, [r3, #0]
  c0:	e7c9      	b.n	56 <UTIL_SetPll+0x56>
  c2:	bf00      	nop

Disassembly of section .text.UTIL_GetPll:

00000000 <UTIL_GetPll>:
UTIL_GetPll():
C:\Users\fv\Desktop\STM32_LAMEC_CAN\TAMA\SPI\project/Util.c:375
*  @return   Current clock speed from very low to very fast.
*
**/
/******************************************************************************/
enum eSpeed UTIL_GetPll( void )
   {
   0:	f240 0300 	movw	r3, #0
   4:	f2c0 0300 	movt	r3, #0
C:\Users\fv\Desktop\STM32_LAMEC_CAN\TAMA\SPI\project/Util.c:377
   return CurrentSpeed;
   }
   8:	7818      	ldrb	r0, [r3, #0]
   a:	4770      	bx	lr

Disassembly of section .text.UTIL_GetVersion:

00000000 <UTIL_GetVersion>:
UTIL_GetVersion():
C:\Users\fv\Desktop\STM32_LAMEC_CAN\TAMA\SPI\project/Util.c:395
**/
/******************************************************************************/
const char* UTIL_GetVersion( void )
   {
   return OsVersion;
   }
   0:	f240 0000 	movw	r0, #0
   4:	f2c0 0000 	movt	r0, #0
   8:	4770      	bx	lr
   a:	bf00      	nop

Disassembly of section .text.UTIL_ReadBackupRegister:

00000000 <UTIL_ReadBackupRegister>:
UTIL_ReadBackupRegister():
C:\Users\fv\Desktop\STM32_LAMEC_CAN\TAMA\SPI\project/Util.c:414
*
**/
/******************************************************************************/
u16 UTIL_ReadBackupRegister( u16 BKP_DR )
   {
  return (*(vu16 *)( BKP_BASE + 4 * BKP_DR ) );
   0:	f100 5380 	add.w	r3, r0, #268435456	; 0x10000000
   4:	f503 53d8 	add.w	r3, r3, #6912	; 0x1b00
   8:	ea4f 0383 	mov.w	r3, r3, lsl #2
   c:	8818      	ldrh	r0, [r3, #0]
C:\Users\fv\Desktop\STM32_LAMEC_CAN\TAMA\SPI\project/Util.c:415
   }
   e:	b280      	uxth	r0, r0
  10:	4770      	bx	lr
  12:	bf00      	nop

Disassembly of section .text.UTIL_WriteBackupRegister:

00000000 <UTIL_WriteBackupRegister>:
UTIL_WriteBackupRegister():
C:\Users\fv\Desktop\STM32_LAMEC_CAN\TAMA\SPI\project/Util.c:433
*
**/
/********************************************************************************/
void UTIL_WriteBackupRegister( u16 BKP_DR, u16 Data )
   {
  *(vu16 *)( BKP_BASE + 4 * BKP_DR ) = Data;
   0:	f100 5380 	add.w	r3, r0, #268435456	; 0x10000000
   4:	f503 53d8 	add.w	r3, r3, #6912	; 0x1b00
   8:	ea4f 0383 	mov.w	r3, r3, lsl #2
   c:	8019      	strh	r1, [r3, #0]
C:\Users\fv\Desktop\STM32_LAMEC_CAN\TAMA\SPI\project/Util.c:434
   }
   e:	4770      	bx	lr

Disassembly of section .text.UTIL_SetIrqHandler:

00000000 <UTIL_SetIrqHandler>:
UTIL_SetIrqHandler():
C:\Users\fv\Desktop\STM32_LAMEC_CAN\TAMA\SPI\project/Util.c:453
*
**/
/********************************************************************************/
void UTIL_SetIrqHandler( int Offs, tHandler pHDL )
   {
   if ( (Offs >= 8) && (Offs<0x100) )
   0:	f1a0 0308 	sub.w	r3, r0, #8
   4:	2bf7      	cmp	r3, #247	; 0xf7
C:\Users\fv\Desktop\STM32_LAMEC_CAN\TAMA\SPI\project/Util.c:454
      *(tHandler *)( CIRCLEOS_RAM_BASE + Offs ) = pHDL;
   6:	bf9e      	ittt	ls
   8:	f100 5000 	addls.w	r0, r0, #536870912	; 0x20000000
   c:	f500 4080 	addls.w	r0, r0, #16384	; 0x4000
  10:	6001      	strls	r1, [r0, #0]
  12:	4770      	bx	lr

Disassembly of section .text.UTIL_GetIrqHandler:

00000000 <UTIL_GetIrqHandler>:
UTIL_GetIrqHandler():
C:\Users\fv\Desktop\STM32_LAMEC_CAN\TAMA\SPI\project/Util.c:475
*
**/
/********************************************************************************/
tHandler UTIL_GetIrqHandler( int Offs )
   {
   if ( (Offs >= 8) && (Offs<0x100) )
   0:	f1a0 0308 	sub.w	r3, r0, #8
   4:	2bf7      	cmp	r3, #247	; 0xf7
   6:	d805      	bhi.n	14 <UTIL_GetIrqHandler+0x14>
C:\Users\fv\Desktop\STM32_LAMEC_CAN\TAMA\SPI\project/Util.c:476
      return *(tHandler *)( CIRCLEOS_RAM_BASE + Offs );
   8:	f100 5000 	add.w	r0, r0, #536870912	; 0x20000000
   c:	f500 4080 	add.w	r0, r0, #16384	; 0x4000
C:\Users\fv\Desktop\STM32_LAMEC_CAN\TAMA\SPI\project/Util.c:475
*
**/
/********************************************************************************/
tHandler UTIL_GetIrqHandler( int Offs )
   {
   if ( (Offs >= 8) && (Offs<0x100) )
  10:	6800      	ldr	r0, [r0, #0]
  12:	4770      	bx	lr
C:\Users\fv\Desktop\STM32_LAMEC_CAN\TAMA\SPI\project/Util.c:477
      return *(tHandler *)( CIRCLEOS_RAM_BASE + Offs );
   }
  14:	4770      	bx	lr
  16:	bf00      	nop

Disassembly of section .text.UTIL_SetSchHandler:

00000000 <UTIL_SetSchHandler>:
UTIL_SetSchHandler():
C:\Users\fv\Desktop\STM32_LAMEC_CAN\TAMA\SPI\project/Util.c:503
*
**/
/********************************************************************************/
void UTIL_SetSchHandler( enum eSchHandler Ix, tHandler pHDL )
   {
   if (Ix<SCH_HDL_MAX)
   0:	2810      	cmp	r0, #16
C:\Users\fv\Desktop\STM32_LAMEC_CAN\TAMA\SPI\project/Util.c:504
      SchHandler[Ix] = pHDL;
   2:	bf9e      	ittt	ls
   4:	f240 0300 	movwls	r3, #0
   8:	f2c0 0300 	movtls	r3, #0
   c:	f843 1020 	strls.w	r1, [r3, r0, lsl #2]
  10:	4770      	bx	lr
  12:	bf00      	nop

Disassembly of section .text.UTIL_GetSchHandler:

00000000 <UTIL_GetSchHandler>:
UTIL_GetSchHandler():
C:\Users\fv\Desktop\STM32_LAMEC_CAN\TAMA\SPI\project/Util.c:528
*
**/
/********************************************************************************/
tHandler UTIL_GetSchHandler( enum eSchHandler Ix )
   {
   if ( Ix<SCH_HDL_MAX ) 
   0:	2810      	cmp	r0, #16
   2:	d806      	bhi.n	12 <UTIL_GetSchHandler+0x12>
C:\Users\fv\Desktop\STM32_LAMEC_CAN\TAMA\SPI\project/Util.c:529
      return SchHandler [Ix] ; 
   4:	f240 0300 	movw	r3, #0
   8:	f2c0 0300 	movt	r3, #0
C:\Users\fv\Desktop\STM32_LAMEC_CAN\TAMA\SPI\project/Util.c:528
*
**/
/********************************************************************************/
tHandler UTIL_GetSchHandler( enum eSchHandler Ix )
   {
   if ( Ix<SCH_HDL_MAX ) 
   c:	f853 0020 	ldr.w	r0, [r3, r0, lsl #2]
  10:	4770      	bx	lr
C:\Users\fv\Desktop\STM32_LAMEC_CAN\TAMA\SPI\project/Util.c:530
      return SchHandler [Ix] ; 
   }
  12:	4770      	bx	lr

Disassembly of section .text.lcd_info:

00000000 <lcd_info>:
lcd_info():
C:\Users\fv\Desktop\STM32_LAMEC_CAN\TAMA\SPI\project/Util.c:535

/*função para apresentar o display informação
sobre os diferentes sinais de relógio*/
void lcd_info(void)
{
   0:	b570      	push	{r4, r5, r6, lr}
   2:	b08e      	sub	sp, #56	; 0x38
C:\Users\fv\Desktop\STM32_LAMEC_CAN\TAMA\SPI\project/Util.c:541
    char buffer_lcd[32];
    uint8_t clock_source;
    RCC_ClocksTypeDef RCC_Clocks;

    /* inicializar o display*/
if(init_already == 0)
   4:	f240 0300 	movw	r3, #0
   8:	f2c0 0300 	movt	r3, #0
   c:	689b      	ldr	r3, [r3, #8]
   e:	b913      	cbnz	r3, 16 <lcd_info+0x16>
C:\Users\fv\Desktop\STM32_LAMEC_CAN\TAMA\SPI\project/Util.c:542
    DRAW_Init();
  10:	f7ff fffe 	bl	0 <DRAW_Init>
  14:	e006      	b.n	10 <lcd_info+0x10>
C:\Users\fv\Desktop\STM32_LAMEC_CAN\TAMA\SPI\project/Util.c:544
else
    init_already=1;
  16:	f240 0300 	movw	r3, #0
  1a:	f2c0 0300 	movt	r3, #0
  1e:	f04f 0201 	mov.w	r2, #1
  22:	609a      	str	r2, [r3, #8]
C:\Users\fv\Desktop\STM32_LAMEC_CAN\TAMA\SPI\project/Util.c:547

    /* obter o valor dos sinais de relógio*/
    RCC_GetClocksFreq(&RCC_Clocks);
  24:	a801      	add	r0, sp, #4
  26:	f7ff fffe 	bl	0 <RCC_GetClocksFreq>
C:\Users\fv\Desktop\STM32_LAMEC_CAN\TAMA\SPI\project/Util.c:550

    /*imprimir os valores do relógio no display*/
    sprintf(buffer_lcd, "SYSCLK %d MHz", RCC_Clocks.SYSCLK_Frequency/1000000 );
  2a:	ac06      	add	r4, sp, #24
  2c:	f64d 6583 	movw	r5, #56963	; 0xde83
  30:	f2c4 351b 	movt	r5, #17179	; 0x431b
  34:	9a01      	ldr	r2, [sp, #4]
  36:	fba5 3202 	umull	r3, r2, r5, r2
  3a:	4620      	mov	r0, r4
  3c:	f240 0100 	movw	r1, #0
  40:	f2c0 0100 	movt	r1, #0
  44:	ea4f 4292 	mov.w	r2, r2, lsr #18
  48:	f7ff fffe 	bl	0 <sprintf>
C:\Users\fv\Desktop\STM32_LAMEC_CAN\TAMA\SPI\project/Util.c:551
    DRAW_DisplayString(10, 100, buffer_lcd, strlen(buffer_lcd));
  4c:	4626      	mov	r6, r4
  4e:	4620      	mov	r0, r4
  50:	f7ff fffe 	bl	0 <strlen>
  54:	b2c3      	uxtb	r3, r0
  56:	f04f 000a 	mov.w	r0, #10
  5a:	f04f 0164 	mov.w	r1, #100	; 0x64
  5e:	4622      	mov	r2, r4
  60:	f7ff fffe 	bl	0 <DRAW_DisplayString>
C:\Users\fv\Desktop\STM32_LAMEC_CAN\TAMA\SPI\project/Util.c:552
    sprintf(buffer_lcd, "HCLK %d MHz", RCC_Clocks.HCLK_Frequency /1000000 );
  64:	9a02      	ldr	r2, [sp, #8]
  66:	fba5 3202 	umull	r3, r2, r5, r2
  6a:	4620      	mov	r0, r4
  6c:	f240 0100 	movw	r1, #0
  70:	f2c0 0100 	movt	r1, #0
  74:	ea4f 4292 	mov.w	r2, r2, lsr #18
  78:	f7ff fffe 	bl	0 <sprintf>
C:\Users\fv\Desktop\STM32_LAMEC_CAN\TAMA\SPI\project/Util.c:553
    DRAW_DisplayString(10, 80, buffer_lcd, strlen(buffer_lcd));
  7c:	4620      	mov	r0, r4
  7e:	f7ff fffe 	bl	0 <strlen>
  82:	b2c3      	uxtb	r3, r0
  84:	f04f 000a 	mov.w	r0, #10
  88:	f04f 0150 	mov.w	r1, #80	; 0x50
  8c:	4622      	mov	r2, r4
  8e:	f7ff fffe 	bl	0 <DRAW_DisplayString>
C:\Users\fv\Desktop\STM32_LAMEC_CAN\TAMA\SPI\project/Util.c:554
    sprintf(buffer_lcd, "PCLK1 %d MHz", RCC_Clocks.PCLK1_Frequency /1000000 );
  92:	9a03      	ldr	r2, [sp, #12]
  94:	fba5 3202 	umull	r3, r2, r5, r2
  98:	4620      	mov	r0, r4
  9a:	f240 0100 	movw	r1, #0
  9e:	f2c0 0100 	movt	r1, #0
  a2:	ea4f 4292 	mov.w	r2, r2, lsr #18
  a6:	f7ff fffe 	bl	0 <sprintf>
C:\Users\fv\Desktop\STM32_LAMEC_CAN\TAMA\SPI\project/Util.c:555
    DRAW_DisplayString(10, 60, buffer_lcd, strlen(buffer_lcd));
  aa:	4620      	mov	r0, r4
  ac:	f7ff fffe 	bl	0 <strlen>
  b0:	b2c3      	uxtb	r3, r0
  b2:	f04f 000a 	mov.w	r0, #10
  b6:	f04f 013c 	mov.w	r1, #60	; 0x3c
  ba:	4622      	mov	r2, r4
  bc:	f7ff fffe 	bl	0 <DRAW_DisplayString>
C:\Users\fv\Desktop\STM32_LAMEC_CAN\TAMA\SPI\project/Util.c:556
    sprintf(buffer_lcd, "PCLK2 %d MHz", RCC_Clocks.PCLK2_Frequency /1000000 );
  c0:	9b04      	ldr	r3, [sp, #16]
  c2:	fba5 2503 	umull	r2, r5, r5, r3
  c6:	4620      	mov	r0, r4
  c8:	f240 0100 	movw	r1, #0
  cc:	f2c0 0100 	movt	r1, #0
  d0:	ea4f 4295 	mov.w	r2, r5, lsr #18
  d4:	f7ff fffe 	bl	0 <sprintf>
C:\Users\fv\Desktop\STM32_LAMEC_CAN\TAMA\SPI\project/Util.c:557
    DRAW_DisplayString(10, 40, buffer_lcd, strlen(buffer_lcd));
  d8:	4620      	mov	r0, r4
  da:	f7ff fffe 	bl	0 <strlen>
  de:	b2c3      	uxtb	r3, r0
  e0:	f04f 000a 	mov.w	r0, #10
  e4:	f04f 0128 	mov.w	r1, #40	; 0x28
  e8:	4622      	mov	r2, r4
  ea:	f7ff fffe 	bl	0 <DRAW_DisplayString>
C:\Users\fv\Desktop\STM32_LAMEC_CAN\TAMA\SPI\project/Util.c:561
 //   sprintf(buffer_lcd, "PCLK2 %d MHz", RCC_Clocks. /1000000 );
   // DRAW_DisplayString(10, 10, buffer_lcd, strlen(buffer_lcd));
    
    clock_source = RCC_GetSYSCLKSource();
  ee:	f7ff fffe 	bl	0 <RCC_GetSYSCLKSource>
C:\Users\fv\Desktop\STM32_LAMEC_CAN\TAMA\SPI\project/Util.c:562
    if(clock_source == 0x00)
  f2:	b940      	cbnz	r0, 106 <lcd_info+0x106>
C:\Users\fv\Desktop\STM32_LAMEC_CAN\TAMA\SPI\project/Util.c:563
        sprintf(buffer_lcd, "A usar o HSI.");
  f4:	ac06      	add	r4, sp, #24
  f6:	f240 0300 	movw	r3, #0
  fa:	f2c0 0300 	movt	r3, #0
  fe:	cb0f      	ldmia	r3, {r0, r1, r2, r3}
 100:	c407      	stmia	r4!, {r0, r1, r2}
 102:	8023      	strh	r3, [r4, #0]
 104:	e014      	b.n	130 <lcd_info+0x130>
C:\Users\fv\Desktop\STM32_LAMEC_CAN\TAMA\SPI\project/Util.c:564
    else if(clock_source == 0x04)
 106:	2804      	cmp	r0, #4
 108:	d108      	bne.n	11c <lcd_info+0x11c>
C:\Users\fv\Desktop\STM32_LAMEC_CAN\TAMA\SPI\project/Util.c:565
        sprintf(buffer_lcd, "A usar o HSE.");
 10a:	ac06      	add	r4, sp, #24
 10c:	f240 0300 	movw	r3, #0
 110:	f2c0 0300 	movt	r3, #0
 114:	cb0f      	ldmia	r3, {r0, r1, r2, r3}
 116:	c407      	stmia	r4!, {r0, r1, r2}
 118:	8023      	strh	r3, [r4, #0]
 11a:	e009      	b.n	130 <lcd_info+0x130>
C:\Users\fv\Desktop\STM32_LAMEC_CAN\TAMA\SPI\project/Util.c:566
    else if(clock_source == 0x08)
 11c:	2808      	cmp	r0, #8
 11e:	d107      	bne.n	130 <lcd_info+0x130>
C:\Users\fv\Desktop\STM32_LAMEC_CAN\TAMA\SPI\project/Util.c:567
        sprintf(buffer_lcd, "A usar a PLL.");
 120:	ac06      	add	r4, sp, #24
 122:	f240 0300 	movw	r3, #0
 126:	f2c0 0300 	movt	r3, #0
 12a:	cb0f      	ldmia	r3, {r0, r1, r2, r3}
 12c:	c407      	stmia	r4!, {r0, r1, r2}
 12e:	8023      	strh	r3, [r4, #0]
C:\Users\fv\Desktop\STM32_LAMEC_CAN\TAMA\SPI\project/Util.c:568
    DRAW_DisplayString(10, 10, buffer_lcd, strlen(buffer_lcd));
 130:	a806      	add	r0, sp, #24
 132:	f7ff fffe 	bl	0 <strlen>
 136:	b2c3      	uxtb	r3, r0
 138:	f04f 000a 	mov.w	r0, #10
 13c:	4601      	mov	r1, r0
 13e:	4632      	mov	r2, r6
 140:	f7ff fffe 	bl	0 <DRAW_DisplayString>
C:\Users\fv\Desktop\STM32_LAMEC_CAN\TAMA\SPI\project/Util.c:570
    
 144:	b00e      	add	sp, #56	; 0x38
 146:	bd70      	pop	{r4, r5, r6, pc}
